<?xml version="1.0" encoding="UTF-8"?>
<!-- Generated by org.testng.reporters.JUnitXMLReporter -->
<testsuite ignored="0" hostname="TECH-ANasser" failures="0" tests="1" name="ChromeTest" time="0.022" errors="0" timestamp="2022-12-10T15:30:33 EET">
  <testcase classname="tests.TestBase" name="@BeforeTest StartDriver" time="0.012">
    <failure type="java.lang.NoSuchMethodError" message="&amp;apos;com.google.common.collect.ImmutableMap com.google.common.collect.ImmutableMap.of(java.lang.Object, java.lang.Object, java.lang.Object, java.lang.Object, java.lang.Object, java.lang.Object, java.lang.Object, java.lang.Object, java.lang.Object, java.lang.Object, java.lang.Object, java.lang.Object)&amp;apos;">
      <![CDATA[java.lang.NoSuchMethodError: 'com.google.common.collect.ImmutableMap com.google.common.collect.ImmutableMap.of(java.lang.Object, java.lang.Object, java.lang.Object, java.lang.Object, java.lang.Object, java.lang.Object, java.lang.Object, java.lang.Object, java.lang.Object, java.lang.Object, java.lang.Object, java.lang.Object)'
at org.openqa.selenium.chrome.AddHasCasting.getAdditionalCommands(AddHasCasting.java:38)
at org.openqa.selenium.chrome.ChromeDriver$ChromeDriverCommandExecutor.getExtraCommands(ChromeDriver.java:98)
at org.openqa.selenium.chrome.ChromeDriver$ChromeDriverCommandExecutor.<init>(ChromeDriver.java:93)
at org.openqa.selenium.chrome.ChromeDriver.<init>(ChromeDriver.java:81)
at org.openqa.selenium.chrome.ChromeDriver.<init>(ChromeDriver.java:49)
at tests.TestBase.StartDriver(TestBase.java:36)
... Removed 24 stack frames]]>
    </failure>
  </testcase> <!-- @BeforeTest StartDriver -->
  <testcase classname="tests.TestBase" name="@AfterTest EndDriver" time="0.0">
    <skipped/>
  </testcase> <!-- @AfterTest EndDriver -->
  <testcase classname="tests.ReservationTest" name="userSearch" time="0.0">
    <skipped/>
  </testcase> <!-- userSearch -->
</testsuite> <!-- ChromeTest -->
